<?xml version="1.0" encoding="UTF-8"?>
<!-- Generated by org.testng.reporters.JUnitReportReporter -->
<testsuite hostname="LAPTOP-8CCMCL84" failures="0" tests="1" name="org.studentmanagement.adminaddteacher.AddTeacherAndVerifyTest" time="60.889" errors="0" timestamp="2022-07-15T18:25:08 IST" skipped="0">
  <testcase classname="org.studentmanagement.adminaddteacher.AddTeacherAndVerifyTest" name="addTeacherAndVerifyTest" time="60.889"/>
  <system-out/>
</testsuite> <!-- org.studentmanagement.adminaddteacher.AddTeacherAndVerifyTest -->
