<?xml version="1.0" encoding="UTF-8"?>
<!-- Generated by org.testng.reporters.JUnitReportReporter -->
<testsuite hostname="LAPTOP-8CCMCL84" failures="0" tests="1" name="org.sudentmanagement.timetable.LoginPageSmokeTest" time="1.104" errors="0" timestamp="2022-07-14T16:31:36 IST" skipped="0">
  <testcase classname="org.sudentmanagement.timetable.LoginPageSmokeTest" name="loginPageSmokeTest" time="1.104"/>
  <system-out/>
</testsuite> <!-- org.sudentmanagement.timetable.LoginPageSmokeTest -->
